20:39:21 **** Incremental Build of configuration Debug for project Glove_project ****
make all 
Building file: ../main.c
Invoking: AVR Compiler
avr-gcc -Wall -g2 -gstabs -O0 -fpack-struct -fshort-enums -ffunction-sections -fdata-sections -std=gnu99 -funsigned-char -funsigned-bitfields -mmcu=atmega16 -DF_CPU=8000000UL -MMD -MP -MF"main.d" -MT"main.o" -c -o "main.o" "../main.c"
Finished building: ../main.c
 
Building target: Glove_project.elf
Invoking: AVR C Linker
avr-gcc -Wl,-Map,Glove_project.map -mmcu=atmega16 -o "Glove_project.elf"  ./main.o   
Finished building target: Glove_project.elf
 
Invoking: AVR Create Extended Listing
avr-objdump -h -S Glove_project.elf  >"Glove_project.lss"
Finished building: Glove_project.lss
 
Invoking: Print Size
avr-size --format=avr --mcu=atmega16 Glove_project.elf
AVR Memory Usage
----------------
Device: atmega16

Program:    1628 bytes (9.9% Full)
(.text + .data + .bootloader)

Data:         16 bytes (1.6% Full)
(.data + .bss + .noinit)


Finished building: sizedummy
 
